<?xml version="1.0" encoding="UTF-8"?>
<!-- Generated by org.testng.reporters.JUnitXMLReporter -->
<testsuite hostname="DESKTOP-MBNOM66" ignored="0" name="Default test" tests="4" failures="0" timestamp="2021-02-02T11:28:08 IST" time="0.092" errors="0">
  <testcase name="laptopsearch" time="0.012" classname="com.TestNG.Pratice.Dependency_Test"/>
  <testcase name="mobilesearch" time="0.003" classname="com.TestNG.Pratice.Dependency_Test"/>
  <testcase name="samsungSearch" time="0.002" classname="com.TestNG.Pratice.Dependency_Test"/>
  <testcase name="offer" time="0.002" classname="com.TestNG.Pratice.Dependency_Test"/>
</testsuite> <!-- Default test -->
