<?xml version="1.0" encoding="UTF-8"?>
<!-- Generated by org.testng.reporters.JUnitXMLReporter -->
<testsuite hostname="DESKTOP-MBNOM66" ignored="2" name="Test" tests="3" failures="0" timestamp="2021-01-29T13:17:54 IST" time="0.083" errors="0">
  <testcase name="earphones" time="0.012" classname="com.TestNG.Pratice.Grouping_Test"/>
  <testcase name="mobileSearch" time="0.003" classname="com.TestNG.Pratice.Grouping_Test"/>
  <testcase name="mobilecharger" time="0.002" classname="com.TestNG.Pratice.Grouping_Test"/>
  <testcase name="dictionary" time="0.0" classname="com.TestNG.Pratice.Grouping_Test">
    <ignored/>
  </testcase> <!-- dictionary -->
  <testcase name="novel" time="0.0" classname="com.TestNG.Pratice.Grouping_Test">
    <ignored/>
  </testcase> <!-- novel -->
</testsuite> <!-- Test -->
